# JRE version: OpenJDK Runtime Environment (8.0_191-b12) (build 1.8.0_191-8u191-b12-2ubuntu0.16.04.1-b12)
# Java VM: OpenJDK 64-Bit Server VM (25.191-b12 mixed mode linux-amd64 compressed oops)
Heap:
 garbage-first heap   total 278528K, used 59583K [0x00000000c0000000, 0x00000000c0100880, 0x0000000100000000)
  region size 1024K, 4 young (4096K), 4 survivors (4096K)
 Metaspace       used 37769K, capacity 40014K, committed 40192K, reserved 1085440K
  class space    used 4045K, capacity 4822K, committed 4864K, reserved 1048576K
GC Heap History (10 events):
Event: 81.440 GC heap after
Heap after GC invocations=46 (full 0):
 garbage-first heap   total 139264K, used 48116K [0x00000000c0000000, 0x00000000c0100440, 0x0000000100000000)
  region size 1024K, 1 young (1024K), 1 survivors (1024K)
 Metaspace       used 37749K, capacity 40014K, committed 40192K, reserved 1085440K
  class space    used 4045K, capacity 4822K, committed 4864K, reserved 1048576K
}
Event: 81.554 GC heap before
{Heap before GC invocations=46 (full 0):
 garbage-first heap   total 139264K, used 53236K [0x00000000c0000000, 0x00000000c0100440, 0x0000000100000000)
  region size 1024K, 6 young (6144K), 1 survivors (1024K)
 Metaspace       used 37749K, capacity 40014K, committed 40192K, reserved 1085440K
  class space    used 4045K, capacity 4822K, committed 4864K, reserved 1048576K
Event: 81.606 GC heap after
Heap after GC invocations=47 (full 0):
 garbage-first heap   total 139264K, used 49727K [0x00000000c0000000, 0x00000000c0100440, 0x0000000100000000)
  region size 1024K, 1 young (1024K), 1 survivors (1024K)
 Metaspace       used 37749K, capacity 40014K, committed 40192K, reserved 1085440K
  class space    used 4045K, capacity 4822K, committed 4864K, reserved 1048576K
}
Event: 81.686 GC heap before
{Heap before GC invocations=47 (full 0):
 garbage-first heap   total 139264K, used 54847K [0x00000000c0000000, 0x00000000c0100440, 0x0000000100000000)
  region size 1024K, 6 young (6144K), 1 survivors (1024K)
 Metaspace       used 37761K, capacity 40014K, committed 40192K, reserved 1085440K
  class space    used 4045K, capacity 4822K, committed 4864K, reserved 1048576K
Event: 81.711 GC heap after
Heap after GC invocations=48 (full 0):
 garbage-first heap   total 139264K, used 50789K [0x00000000c0000000, 0x00000000c0100440, 0x0000000100000000)
  region size 1024K, 1 young (1024K), 1 survivors (1024K)
 Metaspace       used 37761K, capacity 40014K, committed 40192K, reserved 1085440K
  class space    used 4045K, capacity 4822K, committed 4864K, reserved 1048576K
}
Event: 81.823 GC heap before
{Heap before GC invocations=48 (full 0):
 garbage-first heap   total 139264K, used 57957K [0x00000000c0000000, 0x00000000c0100440, 0x0000000100000000)
  region size 1024K, 8 young (8192K), 1 survivors (1024K)
 Metaspace       used 37766K, capacity 40014K, committed 40192K, reserved 1085440K
  class space    used 4045K, capacity 4822K, committed 4864K, reserved 1048576K
Event: 81.874 GC heap after
Heap after GC invocations=49 (full 0):
 garbage-first heap   total 139264K, used 51966K [0x00000000c0000000, 0x00000000c0100440, 0x0000000100000000)
  region size 1024K, 1 young (1024K), 1 survivors (1024K)
 Metaspace       used 37766K, capacity 40014K, committed 40192K, reserved 1085440K
  class space    used 4045K, capacity 4822K, committed 4864K, reserved 1048576K
}
Event: 82.306 GC heap before
{Heap before GC invocations=49 (full 0):
 garbage-first heap   total 139264K, used 71422K [0x00000000c0000000, 0x00000000c0100440, 0x0000000100000000)
  region size 1024K, 20 young (20480K), 1 survivors (1024K)
 Metaspace       used 37768K, capacity 40014K, committed 40192K, reserved 1085440K
  class space    used 4045K, capacity 4822K, committed 4864K, reserved 1048576K
Event: 82.405 GC heap after
Heap after GC invocations=50 (full 0):
 garbage-first heap   total 139264K, used 55655K [0x00000000c0000000, 0x00000000c0100440, 0x0000000100000000)
  region size 1024K, 3 young (3072K), 3 survivors (3072K)
 Metaspace       used 37768K, capacity 40014K, committed 40192K, reserved 1085440K
  class space    used 4045K, capacity 4822K, committed 4864K, reserved 1048576K
}
Event: 83.392 GC heap before
{Heap before GC invocations=50 (full 0):
 garbage-first heap   total 139264K, used 81095K [0x00000000c0000000, 0x00000000c0100440, 0x0000000100000000)
  region size 1024K, 27 young (27648K), 3 survivors (3072K)
 Metaspace       used 37769K, capacity 40014K, committed 40192K, reserved 1085440K
  class space    used 4045K, capacity 4822K, committed 4864K, reserved 1048576K

