# JRE version: OpenJDK Runtime Environment (8.0_191-b12) (build 1.8.0_191-8u191-b12-2ubuntu0.16.04.1-b12)
# Java VM: OpenJDK 64-Bit Server VM (25.191-b12 mixed mode linux-amd64 compressed oops)
Heap:
 garbage-first heap   total 419840K, used 73248K [0x00000000c0000000, 0x00000000c0100cd0, 0x0000000100000000)
  region size 1024K, 19 young (19456K), 19 survivors (19456K)
 Metaspace       used 37800K, capacity 40088K, committed 40448K, reserved 1085440K
  class space    used 3986K, capacity 4775K, committed 4864K, reserved 1048576K
GC Heap History (10 events):
Event: 8.590 GC heap after
Heap after GC invocations=56 (full 0):
 garbage-first heap   total 65536K, used 25748K [0x00000000c0000000, 0x00000000c0100200, 0x0000000100000000)
  region size 1024K, 1 young (1024K), 1 survivors (1024K)
 Metaspace       used 34762K, capacity 36780K, committed 37120K, reserved 1081344K
  class space    used 3717K, capacity 4481K, committed 4608K, reserved 1048576K
}
Event: 8.790 GC heap before
{Heap before GC invocations=56 (full 0):
 garbage-first heap   total 65536K, used 53396K [0x00000000c0000000, 0x00000000c0100200, 0x0000000100000000)
  region size 1024K, 28 young (28672K), 1 survivors (1024K)
 Metaspace       used 34795K, capacity 36780K, committed 37120K, reserved 1081344K
  class space    used 3717K, capacity 4481K, committed 4608K, reserved 1048576K
Event: 8.800 GC heap after
Heap after GC invocations=57 (full 0):
 garbage-first heap   total 131072K, used 28720K [0x00000000c0000000, 0x00000000c0100400, 0x0000000100000000)
  region size 1024K, 4 young (4096K), 4 survivors (4096K)
 Metaspace       used 34795K, capacity 36780K, committed 37120K, reserved 1081344K
  class space    used 3717K, capacity 4481K, committed 4608K, reserved 1048576K
}
Event: 9.447 GC heap before
{Heap before GC invocations=57 (full 0):
 garbage-first heap   total 131072K, used 102448K [0x00000000c0000000, 0x00000000c0100400, 0x0000000100000000)
  region size 1024K, 76 young (77824K), 4 survivors (4096K)
 Metaspace       used 34806K, capacity 36844K, committed 37120K, reserved 1081344K
  class space    used 3717K, capacity 4481K, committed 4608K, reserved 1048576K
Event: 9.489 GC heap after
Heap after GC invocations=58 (full 0):
 garbage-first heap   total 262144K, used 35054K [0x00000000c0000000, 0x00000000c0100800, 0x0000000100000000)
  region size 1024K, 10 young (10240K), 10 survivors (10240K)
 Metaspace       used 34806K, capacity 36844K, committed 37120K, reserved 1081344K
  class space    used 3717K, capacity 4481K, committed 4608K, reserved 1048576K
}
Event: 11.099 GC heap before
{Heap before GC invocations=58 (full 0):
 garbage-first heap   total 262144K, used 182350K [0x00000000c0000000, 0x00000000c0100800, 0x0000000100000000)
  region size 1024K, 153 young (156672K), 10 survivors (10240K)
 Metaspace       used 36669K, capacity 38854K, committed 39040K, reserved 1083392K
  class space    used 3907K, capacity 4688K, committed 4736K, reserved 1048576K
Event: 11.228 GC heap after
Heap after GC invocations=59 (full 0):
 garbage-first heap   total 262144K, used 51788K [0x00000000c0000000, 0x00000000c0100800, 0x0000000100000000)
  region size 1024K, 20 young (20480K), 20 survivors (20480K)
 Metaspace       used 36669K, capacity 38854K, committed 39040K, reserved 1083392K
  class space    used 3907K, capacity 4688K, committed 4736K, reserved 1048576K
}
Event: 11.376 GC heap before
{Heap before GC invocations=59 (full 0):
 garbage-first heap   total 262144K, used 65100K [0x00000000c0000000, 0x00000000c0100800, 0x0000000100000000)
  region size 1024K, 33 young (33792K), 20 survivors (20480K)
 Metaspace       used 36702K, capacity 38854K, committed 39040K, reserved 1083392K
  class space    used 3907K, capacity 4688K, committed 4736K, reserved 1048576K
Event: 11.464 GC heap after
Heap after GC invocations=60 (full 0):
 garbage-first heap   total 262144K, used 54624K [0x00000000c0000000, 0x00000000c0100800, 0x0000000100000000)
  region size 1024K, 2 young (2048K), 2 survivors (2048K)
 Metaspace       used 36702K, capacity 38854K, committed 39040K, reserved 1083392K
  class space    used 3907K, capacity 4688K, committed 4736K, reserved 1048576K
}
Event: 12.510 GC heap before
{Heap before GC invocations=60 (full 0):
 garbage-first heap   total 262144K, used 210976K [0x00000000c0000000, 0x00000000c0100800, 0x0000000100000000)
  region size 1024K, 153 young (156672K), 2 survivors (2048K)
 Metaspace       used 37800K, capacity 40088K, committed 40448K, reserved 1085440K
  class space    used 3986K, capacity 4775K, committed 4864K, reserved 1048576K

