# JRE version: OpenJDK Runtime Environment (8.0_191-b12) (build 1.8.0_191-8u191-b12-2ubuntu0.16.04.1-b12)
# Java VM: OpenJDK 64-Bit Server VM (25.191-b12 mixed mode linux-amd64 compressed oops)
Heap:
 PSYoungGen      total 129536K, used 0K [0x00000000f5900000, 0x0000000100000000, 0x0000000100000000)
  eden space 115712K, 0% used [0x00000000f5900000,0x00000000f5900000,0x00000000fca00000)
  from space 13824K, 0% used [0x00000000ff280000,0x00000000ff280000,0x0000000100000000)
  to   space 27648K, 0% used [0x00000000fca00000,0x00000000fca00000,0x00000000fe500000)
 ParOldGen       total 61440K, used 56206K [0x00000000e0a00000, 0x00000000e4600000, 0x00000000f5900000)
  object space 61440K, 91% used [0x00000000e0a00000,0x00000000e40e38a0,0x00000000e4600000)
 Metaspace       used 30802K, capacity 31914K, committed 32000K, reserved 1077248K
  class space    used 3550K, capacity 3803K, committed 3840K, reserved 1048576K
GC Heap History (10 events):
Event: 5.669 GC heap after
Heap after GC invocations=18 (full 1):
 PSYoungGen      total 152064K, used 7461K [0x00000000f5900000, 0x0000000100000000, 0x0000000100000000)
  eden space 144384K, 0% used [0x00000000f5900000,0x00000000f5900000,0x00000000fe600000)
  from space 7680K, 97% used [0x00000000fe600000,0x00000000fed497b8,0x00000000fed80000)
  to   space 13824K, 0% used [0x00000000ff280000,0x00000000ff280000,0x0000000100000000)
 ParOldGen       total 35328K, used 35239K [0x00000000e0a00000, 0x00000000e2c80000, 0x00000000f5900000)
  object space 35328K, 99% used [0x00000000e0a00000,0x00000000e2c69ce0,0x00000000e2c80000)
 Metaspace       used 28445K, capacity 29344K, committed 29696K, reserved 1075200K
  class space    used 3250K, capacity 3485K, committed 3584K, reserved 1048576K
}
Event: 5.669 GC heap before
{Heap before GC invocations=19 (full 2):
 PSYoungGen      total 152064K, used 7461K [0x00000000f5900000, 0x0000000100000000, 0x0000000100000000)
  eden space 144384K, 0% used [0x00000000f5900000,0x00000000f5900000,0x00000000fe600000)
  from space 7680K, 97% used [0x00000000fe600000,0x00000000fed497b8,0x00000000fed80000)
  to   space 13824K, 0% used [0x00000000ff280000,0x00000000ff280000,0x0000000100000000)
 ParOldGen       total 35328K, used 35239K [0x00000000e0a00000, 0x00000000e2c80000, 0x00000000f5900000)
  object space 35328K, 99% used [0x00000000e0a00000,0x00000000e2c69ce0,0x00000000e2c80000)
 Metaspace       used 28445K, capacity 29344K, committed 29696K, reserved 1075200K
  class space    used 3250K, capacity 3485K, committed 3584K, reserved 1048576K
Event: 5.765 GC heap after
Heap after GC invocations=19 (full 2):
 PSYoungGen      total 152064K, used 0K [0x00000000f5900000, 0x0000000100000000, 0x0000000100000000)
  eden space 144384K, 0% used [0x00000000f5900000,0x00000000f5900000,0x00000000fe600000)
  from space 7680K, 0% used [0x00000000fe600000,0x00000000fe600000,0x00000000fed80000)
  to   space 13824K, 0% used [0x00000000ff280000,0x00000000ff280000,0x0000000100000000)
 ParOldGen       total 59904K, used 31446K [0x00000000e0a00000, 0x00000000e4480000, 0x00000000f5900000)
  object space 59904K, 52% used [0x00000000e0a00000,0x00000000e28b59e0,0x00000000e4480000)
 Metaspace       used 28445K, capacity 29344K, committed 29696K, reserved 1075200K
  class space    used 3250K, capacity 3485K, committed 3584K, reserved 1048576K
}
Event: 6.134 GC heap before
{Heap before GC invocations=20 (full 2):
 PSYoungGen      total 152064K, used 144384K [0x00000000f5900000, 0x0000000100000000, 0x0000000100000000)
  eden space 144384K, 100% used [0x00000000f5900000,0x00000000fe600000,0x00000000fe600000)
  from space 7680K, 0% used [0x00000000fe600000,0x00000000fe600000,0x00000000fed80000)
  to   space 13824K, 0% used [0x00000000ff280000,0x00000000ff280000,0x0000000100000000)
 ParOldGen       total 59904K, used 31446K [0x00000000e0a00000, 0x00000000e4480000, 0x00000000f5900000)
  object space 59904K, 52% used [0x00000000e0a00000,0x00000000e28b59e0,0x00000000e4480000)
 Metaspace       used 30033K, capacity 31062K, committed 31232K, reserved 1077248K
  class space    used 3473K, capacity 3735K, committed 3840K, reserved 1048576K
Event: 6.140 GC heap after
Heap after GC invocations=20 (full 2):
 PSYoungGen      total 158208K, used 3201K [0x00000000f5900000, 0x0000000100000000, 0x0000000100000000)
  eden space 144384K, 0% used [0x00000000f5900000,0x00000000f5900000,0x00000000fe600000)
  from space 13824K, 23% used [0x00000000ff280000,0x00000000ff5a0698,0x0000000100000000)
  to   space 12800K, 0% used [0x00000000fe600000,0x00000000fe600000,0x00000000ff280000)
 ParOldGen       total 59904K, used 31454K [0x00000000e0a00000, 0x00000000e4480000, 0x00000000f5900000)
  object space 59904K, 52% used [0x00000000e0a00000,0x00000000e28b79e0,0x00000000e4480000)
 Metaspace       used 30033K, capacity 31062K, committed 31232K, reserved 1077248K
  class space    used 3473K, capacity 3735K, committed 3840K, reserved 1048576K
}
Event: 6.977 GC heap before
{Heap before GC invocations=21 (full 2):
 PSYoungGen      total 158208K, used 147585K [0x00000000f5900000, 0x0000000100000000, 0x0000000100000000)
  eden space 144384K, 100% used [0x00000000f5900000,0x00000000fe600000,0x00000000fe600000)
  from space 13824K, 23% used [0x00000000ff280000,0x00000000ff5a0698,0x0000000100000000)
  to   space 12800K, 0% used [0x00000000fe600000,0x00000000fe600000,0x00000000ff280000)
 ParOldGen       total 59904K, used 31454K [0x00000000e0a00000, 0x00000000e4480000, 0x00000000f5900000)
  object space 59904K, 52% used [0x00000000e0a00000,0x00000000e28b79e0,0x00000000e4480000)
 Metaspace       used 30801K, capacity 31914K, committed 32000K, reserved 1077248K
  class space    used 3550K, capacity 3803K, committed 3840K, reserved 1048576K
Event: 6.995 GC heap after
Heap after GC invocations=21 (full 2):
 PSYoungGen      total 157184K, used 12794K [0x00000000f5900000, 0x0000000100000000, 0x0000000100000000)
  eden space 144384K, 0% used [0x00000000f5900000,0x00000000f5900000,0x00000000fe600000)
  from space 12800K, 99% used [0x00000000fe600000,0x00000000ff27e808,0x00000000ff280000)
  to   space 13824K, 0% used [0x00000000ff280000,0x00000000ff280000,0x0000000100000000)
 ParOldGen       total 59904K, used 46025K [0x00000000e0a00000, 0x00000000e4480000, 0x00000000f5900000)
  object space 59904K, 76% used [0x00000000e0a00000,0x00000000e36f24d8,0x00000000e4480000)
 Metaspace       used 30801K, capacity 31914K, committed 32000K, reserved 1077248K
  class space    used 3550K, capacity 3803K, committed 3840K, reserved 1048576K
}
Event: 7.857 GC heap before
{Heap before GC invocations=22 (full 2):
 PSYoungGen      total 157184K, used 157178K [0x00000000f5900000, 0x0000000100000000, 0x0000000100000000)
  eden space 144384K, 100% used [0x00000000f5900000,0x00000000fe600000,0x00000000fe600000)
  from space 12800K, 99% used [0x00000000fe600000,0x00000000ff27e808,0x00000000ff280000)
  to   space 13824K, 0% used [0x00000000ff280000,0x00000000ff280000,0x0000000100000000)
 ParOldGen       total 59904K, used 46025K [0x00000000e0a00000, 0x00000000e4480000, 0x00000000f5900000)
  object space 59904K, 76% used [0x00000000e0a00000,0x00000000e36f24d8,0x00000000e4480000)
 Metaspace       used 30802K, capacity 31914K, committed 32000K, reserved 1077248K
  class space    used 3550K, capacity 3803K, committed 3840K, reserved 1048576K
Event: 7.885 GC heap after
Heap after GC invocations=22 (full 2):
 PSYoungGen      total 129536K, used 13811K [0x00000000f5900000, 0x0000000100000000, 0x0000000100000000)
  eden space 115712K, 0% used [0x00000000f5900000,0x00000000f5900000,0x00000000fca00000)
  from space 13824K, 99% used [0x00000000ff280000,0x00000000ffffcca0,0x0000000100000000)
  to   space 27648K, 0% used [0x00000000fca00000,0x00000000fca00000,0x00000000fe500000)
 ParOldGen       total 61440K, used 61242K [0x00000000e0a00000, 0x00000000e4600000, 0x00000000f5900000)
  object space 61440K, 99% used [0x00000000e0a00000,0x00000000e45ceac0,0x00000000e4600000)
 Metaspace       used 30802K, capacity 31914K, committed 32000K, reserved 1077248K
  class space    used 3550K, capacity 3803K, committed 3840K, reserved 1048576K
}
Event: 7.888 GC heap before
{Heap before GC invocations=23 (full 3):
 PSYoungGen      total 129536K, used 13811K [0x00000000f5900000, 0x0000000100000000, 0x0000000100000000)
  eden space 115712K, 0% used [0x00000000f5900000,0x00000000f5900000,0x00000000fca00000)
  from space 13824K, 99% used [0x00000000ff280000,0x00000000ffffcca0,0x0000000100000000)
  to   space 27648K, 0% used [0x00000000fca00000,0x00000000fca00000,0x00000000fe500000)
 ParOldGen       total 61440K, used 61242K [0x00000000e0a00000, 0x00000000e4600000, 0x00000000f5900000)
  object space 61440K, 99% used [0x00000000e0a00000,0x00000000e45ceac0,0x00000000e4600000)
 Metaspace       used 30802K, capacity 31914K, committed 32000K, reserved 1077248K
  class space    used 3550K, capacity 3803K, committed 3840K, reserved 1048576K

