# JRE version: OpenJDK Runtime Environment (8.0_191-b12) (build 1.8.0_191-8u191-b12-2ubuntu0.16.04.1-b12)
# Java VM: OpenJDK 64-Bit Server VM (25.191-b12 mixed mode linux-amd64 compressed oops)
Heap:
 PSYoungGen      total 101888K, used 0K [0x00000000f5900000, 0x0000000100000000, 0x0000000100000000)
  eden space 69632K, 0% used [0x00000000f5900000,0x00000000f5900000,0x00000000f9d00000)
  from space 32256K, 0% used [0x00000000fe080000,0x00000000fe080000,0x0000000100000000)
  to   space 50688K, 0% used [0x00000000f9d00000,0x00000000f9d00000,0x00000000fce80000)
 ParOldGen       total 75264K, used 71656K [0x00000000e0a00000, 0x00000000e5380000, 0x00000000f5900000)
  object space 75264K, 95% used [0x00000000e0a00000,0x00000000e4ffa180,0x00000000e5380000)
 Metaspace       used 25074K, capacity 26070K, committed 26240K, reserved 1073152K
  class space    used 2861K, capacity 3091K, committed 3200K, reserved 1048576K
GC Heap History (10 events):
Event: 8.665 GC heap after
Heap after GC invocations=18 (full 2):
 PSYoungGen      total 137216K, used 2409K [0x00000000f5900000, 0x0000000100000000, 0x0000000100000000)
  eden space 124928K, 0% used [0x00000000f5900000,0x00000000f5900000,0x00000000fd300000)
  from space 12288K, 19% used [0x00000000ff400000,0x00000000ff65a7c8,0x0000000100000000)
  to   space 23040K, 0% used [0x00000000fd300000,0x00000000fd300000,0x00000000fe980000)
 ParOldGen       total 75264K, used 43410K [0x00000000e0a00000, 0x00000000e5380000, 0x00000000f5900000)
  object space 75264K, 57% used [0x00000000e0a00000,0x00000000e34649d8,0x00000000e5380000)
 Metaspace       used 24992K, capacity 26006K, committed 26240K, reserved 1073152K
  class space    used 2856K, capacity 3091K, committed 3200K, reserved 1048576K
}
Event: 9.628 GC heap before
{Heap before GC invocations=19 (full 2):
 PSYoungGen      total 137216K, used 127337K [0x00000000f5900000, 0x0000000100000000, 0x0000000100000000)
  eden space 124928K, 100% used [0x00000000f5900000,0x00000000fd300000,0x00000000fd300000)
  from space 12288K, 19% used [0x00000000ff400000,0x00000000ff65a7c8,0x0000000100000000)
  to   space 23040K, 0% used [0x00000000fd300000,0x00000000fd300000,0x00000000fe980000)
 ParOldGen       total 75264K, used 43410K [0x00000000e0a00000, 0x00000000e5380000, 0x00000000f5900000)
  object space 75264K, 57% used [0x00000000e0a00000,0x00000000e34649d8,0x00000000e5380000)
 Metaspace       used 24992K, capacity 26006K, committed 26240K, reserved 1073152K
  class space    used 2856K, capacity 3091K, committed 3200K, reserved 1048576K
Event: 9.644 GC heap after
Heap after GC invocations=19 (full 2):
 PSYoungGen      total 147968K, used 22635K [0x00000000f5900000, 0x0000000100000000, 0x0000000100000000)
  eden space 124928K, 0% used [0x00000000f5900000,0x00000000f5900000,0x00000000fd300000)
  from space 23040K, 98% used [0x00000000fd300000,0x00000000fe91af58,0x00000000fe980000)
  to   space 23040K, 0% used [0x00000000fe980000,0x00000000fe980000,0x0000000100000000)
 ParOldGen       total 75264K, used 43658K [0x00000000e0a00000, 0x00000000e5380000, 0x00000000f5900000)
  object space 75264K, 58% used [0x00000000e0a00000,0x00000000e34a29d8,0x00000000e5380000)
 Metaspace       used 24992K, capacity 26006K, committed 26240K, reserved 1073152K
  class space    used 2856K, capacity 3091K, committed 3200K, reserved 1048576K
}
Event: 10.696 GC heap before
{Heap before GC invocations=20 (full 2):
 PSYoungGen      total 147968K, used 147563K [0x00000000f5900000, 0x0000000100000000, 0x0000000100000000)
  eden space 124928K, 100% used [0x00000000f5900000,0x00000000fd300000,0x00000000fd300000)
  from space 23040K, 98% used [0x00000000fd300000,0x00000000fe91af58,0x00000000fe980000)
  to   space 23040K, 0% used [0x00000000fe980000,0x00000000fe980000,0x0000000100000000)
 ParOldGen       total 75264K, used 43658K [0x00000000e0a00000, 0x00000000e5380000, 0x00000000f5900000)
  object space 75264K, 58% used [0x00000000e0a00000,0x00000000e34a29d8,0x00000000e5380000)
 Metaspace       used 24992K, capacity 26006K, committed 26240K, reserved 1073152K
  class space    used 2856K, capacity 3091K, committed 3200K, reserved 1048576K
Event: 10.731 GC heap after
Heap after GC invocations=20 (full 2):
 PSYoungGen      total 129536K, used 23013K [0x00000000f5900000, 0x0000000100000000, 0x0000000100000000)
  eden space 106496K, 0% used [0x00000000f5900000,0x00000000f5900000,0x00000000fc100000)
  from space 23040K, 99% used [0x00000000fe980000,0x00000000ffff97b8,0x0000000100000000)
  to   space 32256K, 0% used [0x00000000fc100000,0x00000000fc100000,0x00000000fe080000)
 ParOldGen       total 75264K, used 48397K [0x00000000e0a00000, 0x00000000e5380000, 0x00000000f5900000)
  object space 75264K, 64% used [0x00000000e0a00000,0x00000000e3943548,0x00000000e5380000)
 Metaspace       used 24992K, capacity 26006K, committed 26240K, reserved 1073152K
  class space    used 2856K, capacity 3091K, committed 3200K, reserved 1048576K
}
Event: 11.333 GC heap before
{Heap before GC invocations=21 (full 2):
 PSYoungGen      total 129536K, used 129509K [0x00000000f5900000, 0x0000000100000000, 0x0000000100000000)
  eden space 106496K, 100% used [0x00000000f5900000,0x00000000fc100000,0x00000000fc100000)
  from space 23040K, 99% used [0x00000000fe980000,0x00000000ffff97b8,0x0000000100000000)
  to   space 32256K, 0% used [0x00000000fc100000,0x00000000fc100000,0x00000000fe080000)
 ParOldGen       total 75264K, used 48397K [0x00000000e0a00000, 0x00000000e5380000, 0x00000000f5900000)
  object space 75264K, 64% used [0x00000000e0a00000,0x00000000e3943548,0x00000000e5380000)
 Metaspace       used 25069K, capacity 26070K, committed 26240K, reserved 1073152K
  class space    used 2861K, capacity 3091K, committed 3200K, reserved 1048576K
Event: 11.360 GC heap after
Heap after GC invocations=21 (full 2):
 PSYoungGen      total 138752K, used 32255K [0x00000000f5900000, 0x0000000100000000, 0x0000000100000000)
  eden space 106496K, 0% used [0x00000000f5900000,0x00000000f5900000,0x00000000fc100000)
  from space 32256K, 99% used [0x00000000fc100000,0x00000000fe07ffd0,0x00000000fe080000)
  to   space 32256K, 0% used [0x00000000fe080000,0x00000000fe080000,0x0000000100000000)
 ParOldGen       total 75264K, used 52910K [0x00000000e0a00000, 0x00000000e5380000, 0x00000000f5900000)
  object space 75264K, 70% used [0x00000000e0a00000,0x00000000e3dab8e0,0x00000000e5380000)
 Metaspace       used 25069K, capacity 26070K, committed 26240K, reserved 1073152K
  class space    used 2861K, capacity 3091K, committed 3200K, reserved 1048576K
}
Event: 11.515 GC heap before
{Heap before GC invocations=22 (full 2):
 PSYoungGen      total 138752K, used 138751K [0x00000000f5900000, 0x0000000100000000, 0x0000000100000000)
  eden space 106496K, 100% used [0x00000000f5900000,0x00000000fc100000,0x00000000fc100000)
  from space 32256K, 99% used [0x00000000fc100000,0x00000000fe07ffd0,0x00000000fe080000)
  to   space 32256K, 0% used [0x00000000fe080000,0x00000000fe080000,0x0000000100000000)
 ParOldGen       total 75264K, used 52910K [0x00000000e0a00000, 0x00000000e5380000, 0x00000000f5900000)
  object space 75264K, 70% used [0x00000000e0a00000,0x00000000e3dab8e0,0x00000000e5380000)
 Metaspace       used 25074K, capacity 26070K, committed 26240K, reserved 1073152K
  class space    used 2861K, capacity 3091K, committed 3200K, reserved 1048576K
Event: 11.544 GC heap after
Heap after GC invocations=22 (full 2):
 PSYoungGen      total 101888K, used 32248K [0x00000000f5900000, 0x0000000100000000, 0x0000000100000000)
  eden space 69632K, 0% used [0x00000000f5900000,0x00000000f5900000,0x00000000f9d00000)
  from space 32256K, 99% used [0x00000000fe080000,0x00000000ffffe0b8,0x0000000100000000)
  to   space 50688K, 0% used [0x00000000f9d00000,0x00000000f9d00000,0x00000000fce80000)
 ParOldGen       total 75264K, used 71596K [0x00000000e0a00000, 0x00000000e5380000, 0x00000000f5900000)
  object space 75264K, 95% used [0x00000000e0a00000,0x00000000e4feb1c8,0x00000000e5380000)
 Metaspace       used 25074K, capacity 26070K, committed 26240K, reserved 1073152K
  class space    used 2861K, capacity 3091K, committed 3200K, reserved 1048576K
}
Event: 11.544 GC heap before
{Heap before GC invocations=23 (full 3):
 PSYoungGen      total 101888K, used 32248K [0x00000000f5900000, 0x0000000100000000, 0x0000000100000000)
  eden space 69632K, 0% used [0x00000000f5900000,0x00000000f5900000,0x00000000f9d00000)
  from space 32256K, 99% used [0x00000000fe080000,0x00000000ffffe0b8,0x0000000100000000)
  to   space 50688K, 0% used [0x00000000f9d00000,0x00000000f9d00000,0x00000000fce80000)
 ParOldGen       total 75264K, used 71596K [0x00000000e0a00000, 0x00000000e5380000, 0x00000000f5900000)
  object space 75264K, 95% used [0x00000000e0a00000,0x00000000e4feb1c8,0x00000000e5380000)
 Metaspace       used 25074K, capacity 26070K, committed 26240K, reserved 1073152K
  class space    used 2861K, capacity 3091K, committed 3200K, reserved 1048576K

